<?xml version="1.0" encoding="UTF-8"?>
<!-- Generated by org.testng.reporters.JUnitReportReporter -->
<testsuite hostname="Sudheekshas-Air" failures="0" tests="2" name="testMaven.tests.OrderTest" time="38.502" errors="0" timestamp="2024-06-06T22:00:51 NZST" skipped="0">
  <testcase classname="testMaven.tests.OrderTest" name="submitOrder" time="15.568"/>
  <system-out/>
  <testcase classname="testMaven.tests.OrderTest" name="submitOrder" time="22.934"/>
  <system-out/>
</testsuite> <!-- testMaven.tests.OrderTest -->
