<?xml version="1.0" encoding="UTF-8"?>
<!-- Generated by org.testng.reporters.JUnitReportReporter -->
<testsuite hostname="Sudheekshas-Air" failures="0" tests="2" name="testMaven.tests.OrderTest" time="38.581" errors="0" timestamp="2024-05-30T19:04:52 NZST" skipped="0">
  <testcase classname="testMaven.tests.OrderTest" name="submitOrder" time="23.738"/>
  <system-out/>
  <testcase classname="testMaven.tests.OrderTest" name="submitOrder" time="14.843"/>
  <system-out/>
</testsuite> <!-- testMaven.tests.OrderTest -->
